<?xml version="1.0" encoding="UTF-8" standalone="yes" ?>
<test-results name="C:\Users\anapa\Desktop\PS-Seventh-Delphi-Pleno-API-REST\API\Win32\Debug\API_tests.exe" total="3" errors="0" failures="1" ignored="0" inconclusive="0" not-run="0" skipped="0" invalid="0" date="2024-05-22" time="0.003">
  <culture-info current-culture="en" current-uiculture="en" />
  <test-suite type="Assembly" name="API_tests.exe" executed="true" result="Failure" success="False" time="0.003" asserts="0">
    <results>
        <test-suite type="Namespace" name="VideoTest" executed="true" result="Failure" success="False" time="0.003" asserts="0" >
          <results>
              <test-suite type="Fixture" name="TVideoTest" executed="True" result="Failure" success="False" time="0.003" >
                <results>
                  <test-case name="TestAddVideo" executed="True" result="Failure" success="False" time="0.002" asserts="0" >
                    <failure>
                      <message>
                        <![CDATA[ Condition is False when True expected. [CreateServer should return success message] ]]>
                      </message>
                      <stack-trace>
                        <![CDATA[  ]]>
                      </stack-trace>
                    </failure>
                  </test-case>
                </results>
              </test-suite>
          </results>
        </test-suite>
        <test-suite type="Namespace" name="ServerTest" executed="true" result="Success" success="True" time="0.001" asserts="0" >
          <results>
              <test-suite type="Fixture" name="TServerTest" executed="True" result="Success" success="True" time="0.001" >
                <results>
                  <test-case name="TestCreateServer" executed="True" result="Success" success="True" time="0.000" asserts="0" />
                </results>
              </test-suite>
          </results>
        </test-suite>
        <test-suite type="Namespace" name="RecyclerTest" executed="true" result="Success" success="True" time="0.001" asserts="0" >
          <results>
              <test-suite type="Fixture" name="TRecyclerTest" executed="True" result="Success" success="True" time="0.001" >
                <results>
                  <test-case name="TestProcessRecycle" executed="True" result="Success" success="True" time="0.000" asserts="0" />
                </results>
              </test-suite>
          </results>
        </test-suite>
    </results>
  </test-suite>
</test-results>
